<?xml version="1.0" encoding="UTF-8"?>
<!-- Generated by org.testng.reporters.JUnitReportReporter -->
<testsuite skipped="0" hostname="HK-SONY-VAIO" name="testCases.Factorial_TestCase" tests="1" failures="0" timestamp="03 Apr 2019 03:47:18 GMT" time="0.051" errors="0">
  <testcase name="factorialTestCase" time="0.051" classname="testCases.Factorial_TestCase"/>
</testsuite> <!-- testCases.Factorial_TestCase -->
