<?xml version="1.0" encoding="UTF-8"?>
<!-- Generated by org.testng.reporters.JUnitReportReporter -->
<testsuite skipped="0" hostname="HK-SONY-VAIO" name="testJavaPrograms.Factorial_TestCase" tests="1" failures="0" timestamp="03 Apr 2019 07:23:10 GMT" time="0.001" errors="0">
  <testcase name="factorialTestCase" time="0.001" classname="testJavaPrograms.Factorial_TestCase"/>
</testsuite> <!-- testJavaPrograms.Factorial_TestCase -->
