<?xml version="1.0" encoding="UTF-8"?>
<!-- Generated by org.testng.reporters.JUnitReportReporter -->
<testsuite skipped="0" hostname="HK-SONY-VAIO" name="testJavaPrograms.Addition_TestCase" tests="1" failures="0" timestamp="03 Apr 2019 07:23:10 GMT" time="0.014" errors="0">
  <testcase name="additionTestCase" time="0.014" classname="testJavaPrograms.Addition_TestCase"/>
</testsuite> <!-- testJavaPrograms.Addition_TestCase -->
